{
  "RSpec": {
    "coverage": {
      "/home/nitin-gupta/rails_app/twitter/config/environment.rb": [
        null,
        1,
        null,
        null,
        1
      ],
      "/home/nitin-gupta/rails_app/twitter/config/application.rb": [
        1,
        null,
        1,
        null,
        1,
        null,
        1,
        null,
        null,
        null,
        null,
        1,
        1,
        null,
        null,
        null,
        null,
        null,
        null,
        null,
        null,
        null,
        null,
        null,
        null,
        null,
        null,
        null,
        null,
        null,
        null,
        null,
        null,
        null,
        null,
        null,
        1,
        null,
        null,
        1,
        null,
        null,
        null,
        null,
        null,
        null,
        null,
        null,
        null,
        null,
        1,
        null,
        null,
        1,
        null,
        null,
        1,
        null,
        null
      ],
      "/home/nitin-gupta/rails_app/twitter/config/boot.rb": [
        1,
        null,
        null,
        1,
        null,
        1
      ],
      "/home/nitin-gupta/rails_app/twitter/config/environments/test.rb": [
        1,
        null,
        null,
        null,
        null,
        null,
        null,
        1,
        null,
        null,
        1,
        1,
        null,
        null,
        1,
        null,
        null,
        1,
        1,
        null,
        null,
        1,
        null,
        null,
        1,
        null,
        null,
        null,
        null,
        1,
        null,
        null,
        1,
        null,
        null,
        1,
        null
      ],
      "/home/nitin-gupta/rails_app/twitter/config/initializers/backtrace_silencers.rb": [
        null,
        null,
        null,
        null,
        null,
        null,
        null
      ],
      "/home/nitin-gupta/rails_app/twitter/config/initializers/inflections.rb": [
        null,
        null,
        null,
        null,
        null,
        null,
        null,
        null,
        null,
        null,
        null,
        null,
        null,
        null,
        null
      ],
      "/home/nitin-gupta/rails_app/twitter/config/initializers/mime_types.rb": [
        null,
        null,
        null,
        null,
        null
      ],
      "/home/nitin-gupta/rails_app/twitter/config/initializers/secret_token.rb": [
        null,
        null,
        null,
        null,
        null,
        null,
        1
      ],
      "/home/nitin-gupta/rails_app/twitter/config/initializers/session_store.rb": [
        null,
        null,
        1,
        null,
        null,
        null,
        null,
        null
      ],
      "/home/nitin-gupta/rails_app/twitter/config/initializers/wrap_parameters.rb": [
        null,
        null,
        null,
        null,
        null,
        null,
        1,
        1,
        null,
        null,
        null,
        1,
        1,
        null
      ],
      "/home/nitin-gupta/rails_app/twitter/app/controllers/application_controller.rb": [
        1,
        1,
        1,
        null,
        1,
        25,
        null,
        null,
        1,
        0,
        null,
        null,
        1,
        1,
        null,
        null,
        1,
        null,
        1,
        0,
        null,
        null
      ],
      "/home/nitin-gupta/rails_app/twitter/app/helpers/application_helper.rb": [
        1,
        null
      ],
      "/home/nitin-gupta/rails_app/twitter/app/helpers/followships_helper.rb": [
        1,
        null
      ],
      "/home/nitin-gupta/rails_app/twitter/app/helpers/users_helper.rb": [
        1,
        null
      ],
      "/home/nitin-gupta/rails_app/twitter/app/controllers/follows_controller.rb": [
        1,
        null,
        1,
        null,
        1,
        1,
        null,
        1,
        1,
        null,
        null,
        null,
        1,
        2,
        null,
        2,
        2,
        2,
        null,
        1,
        null,
        null,
        null,
        null,
        1,
        1,
        1,
        null,
        0,
        null,
        null,
        null,
        null,
        null,
        1,
        null,
        1,
        2,
        null,
        null,
        null
      ],
      "/home/nitin-gupta/rails_app/twitter/app/models/follow.rb": [
        1,
        1,
        null,
        1,
        1,
        null
      ],
      "/home/nitin-gupta/rails_app/twitter/app/controllers/logins_controller.rb": [
        1,
        1,
        null,
        1,
        1,
        1,
        null,
        null,
        null,
        1,
        2,
        2,
        2,
        1,
        1,
        1,
        2,
        null,
        2,
        null,
        null,
        null,
        null,
        1,
        1,
        1,
        1,
        null,
        null
      ],
      "/home/nitin-gupta/rails_app/twitter/app/controllers/tweets_controller.rb": [
        1,
        null,
        1,
        null,
        1,
        1,
        1,
        1,
        1,
        null,
        null,
        null,
        null,
        null,
        null,
        null,
        null,
        null,
        null,
        null,
        null,
        1,
        null,
        1,
        1,
        null,
        null,
        null,
        1,
        null,
        null,
        null,
        null,
        null,
        null,
        null,
        2,
        null,
        2,
        2,
        2,
        null,
        1,
        null,
        null,
        null,
        null,
        1,
        1,
        1,
        null,
        0,
        null,
        null,
        null,
        null,
        null,
        null,
        null,
        null,
        null,
        null,
        null,
        null,
        1,
        1,
        2,
        null,
        null,
        null,
        1,
        null,
        1,
        1,
        null,
        null,
        null
      ],
      "/home/nitin-gupta/rails_app/twitter/app/models/tweet.rb": [
        1,
        1,
        1,
        null,
        null,
        null,
        1,
        1,
        1,
        null,
        1,
        null,
        null,
        null,
        null,
        null,
        1,
        0,
        null,
        null
      ],
      "/home/nitin-gupta/rails_app/twitter/app/controllers/tweets_users_controller.rb": [
        1,
        null,
        1,
        null,
        1,
        2,
        null,
        2,
        2,
        2,
        null,
        2,
        null,
        null,
        null,
        null,
        1,
        1,
        1,
        null,
        0,
        null,
        null,
        1,
        null,
        1,
        2,
        null,
        null,
        null
      ],
      "/home/nitin-gupta/rails_app/twitter/app/models/tweets_user.rb": [
        1,
        1,
        null,
        1,
        1,
        null,
        1,
        null
      ],
      "/home/nitin-gupta/rails_app/twitter/app/controllers/users_controller.rb": [
        1,
        1,
        null,
        1,
        1,
        null,
        1,
        1,
        null,
        null,
        null,
        1,
        2,
        null,
        2,
        2,
        1,
        1,
        2,
        null,
        2,
        null,
        null,
        null,
        null,
        1,
        2,
        null,
        1,
        1,
        null,
        null,
        null
      ],
      "/home/nitin-gupta/rails_app/twitter/app/models/user.rb": [
        1,
        null,
        null,
        null,
        null,
        null,
        1,
        null,
        1,
        1,
        1,
        1,
        null,
        1,
        null,
        null,
        null,
        1,
        1,
        null,
        null,
        1,
        1,
        null,
        1,
        1,
        1,
        null,
        1,
        null,
        null,
        1,
        0,
        null,
        null,
        1,
        3,
        null,
        null
      ],
      "/home/nitin-gupta/rails_app/twitter/config/routes.rb": [
        1,
        null,
        1,
        1,
        null,
        null,
        1,
        null,
        1,
        1,
        null,
        null,
        1,
        null,
        1,
        1,
        null,
        1,
        null,
        1,
        null,
        null,
        null,
        null,
        null,
        null,
        null,
        null,
        null,
        null,
        null,
        null,
        null,
        null,
        null,
        null,
        null,
        null,
        null,
        null,
        null,
        null,
        null,
        null,
        null,
        null,
        null,
        null,
        null,
        null,
        null,
        null,
        null,
        null,
        null,
        null,
        null,
        null,
        null,
        null,
        null,
        null,
        null,
        null,
        null,
        null,
        null,
        null,
        null,
        1,
        null,
        null,
        null,
        null,
        null,
        null,
        null
      ],
      "/home/nitin-gupta/rails_app/twitter/spec/controllers/follows_controller_spec.rb": [
        1,
        null,
        1,
        1,
        null,
        1,
        4,
        4,
        4,
        4,
        null,
        4,
        4,
        4,
        null,
        null,
        1,
        1,
        1,
        1,
        null,
        null,
        1,
        1,
        1,
        1,
        null,
        null,
        1,
        1,
        1,
        1,
        null,
        null,
        null,
        1,
        1,
        1,
        1,
        1,
        1,
        null,
        null,
        null
      ],
      "/home/nitin-gupta/rails_app/twitter/spec/controllers/tweets_controller_spec.rb": [
        1,
        null,
        1,
        1,
        null,
        1,
        6,
        null,
        6,
        6,
        null,
        6,
        6,
        6,
        6,
        6,
        null,
        36,
        6,
        6,
        null,
        6,
        null,
        null,
        1,
        1,
        1,
        null,
        1,
        1,
        null,
        null,
        1,
        1,
        1,
        null,
        null,
        1,
        1,
        1,
        1,
        null,
        null,
        1,
        1,
        1,
        1,
        null,
        null,
        null,
        1,
        1,
        1,
        1,
        1,
        null,
        null,
        1,
        1,
        null,
        1,
        null,
        null,
        null
      ],
      "/home/nitin-gupta/rails_app/twitter/spec/controllers/users_controller_spec.rb": [
        1,
        null,
        1,
        1,
        null,
        1,
        5,
        5,
        null,
        null,
        1,
        1,
        1,
        null,
        null,
        1,
        1,
        1,
        1,
        null,
        1,
        1,
        null,
        null,
        1,
        2,
        1,
        null,
        1,
        1,
        null,
        null,
        null,
        1,
        1,
        1,
        1,
        1,
        null,
        null,
        1,
        1,
        1,
        1,
        1,
        null,
        null
      ],
      "/home/nitin-gupta/rails_app/twitter/spec/controllers/logins_controller_spec.rb": [
        1,
        null,
        1,
        1,
        null,
        1,
        4,
        null,
        null,
        1,
        1,
        1,
        null,
        null,
        1,
        1,
        1,
        1,
        1,
        1,
        1,
        null,
        null,
        1,
        1,
        1,
        1,
        null,
        null,
        1,
        1,
        1,
        1,
        1,
        1,
        null,
        null
      ],
      "/home/nitin-gupta/rails_app/twitter/spec/models/user_spec.rb": [
        1,
        null,
        1,
        null,
        1,
        5,
        5,
        null,
        null,
        1,
        1,
        1,
        1,
        1,
        1,
        1,
        1,
        null,
        null,
        null,
        1,
        1,
        1,
        1,
        null,
        null,
        null,
        1,
        1,
        1,
        1,
        null,
        null,
        null,
        1,
        null,
        null,
        null,
        null,
        null,
        null,
        1,
        1,
        1,
        1,
        null,
        1,
        1,
        1,
        null,
        1,
        1,
        1,
        null,
        null,
        null,
        1,
        1,
        1,
        1,
        null,
        1,
        1,
        null,
        1,
        1,
        null,
        null,
        null
      ]
    },
    "timestamp": 1340710860
  }
}
